[11:47:35] [main/INFO]: Setting user: Player501
[11:47:36] [Client thread/INFO]: LWJGL Version: 2.9.1
[11:47:51] [Client thread/INFO]: Reloading ResourceManager: Default, FMLFileResourcePack:Forge Mod Loade[11:48:00] [Client thread/INFO]: Reloading ResourceManager: Default, FMLFileResourcePack:Forge Mod Loader, FMLFileResourcePack:Minecraft Forge, FMLFileResourcePack:Full Power
[11:48:01] [Sound Library Loader/INFO]: Sound engine started
[11:48:03] [Client thread/INFO]: Created: 16x16 textures/blocks-atlas
[11:48:03] [Client thread/INFO]: Created: 16x16 textures/items-atlas
[11:48:03] [Client thread/INFO]: Reloading ResourceManager: Default, FMLFileResourcePack:Forge Mod Loader, FMLFileResourcePack:Minecraft Forge, FMLFileResourcePack:Full Power
[11:48:03] [Client thread/INFO]: Created: 512x256 textures/blocks-atlas
[11:48:03] [Client thread/INFO]: Created: 256x256 textures/items-atlas
[11:48:04] [Sound Library Loader/INFO]: Sound engine started
[11:48:17] [Client thread/INFO]: Connecting to 192.168.1.74, 58099
[11:48:42] [Client thread/INFO]: Stopping!
3] [Server thread/INFO]: Changing view distance to 12, from 10
[11:48:04] [Server thread/INFO]: Player501[local:E:ed520fae] logged in with entity id 161 at (515.5937471488264, 4.0, 354.1412776424103)
[11:48:04] [Server thread/INFO]: Player501 joined the game
[11:48:08] [Server thread/INFO]: Saving and pausing game...
[11:48:08] [Server thread/INFO]: Saving chunks for level 'New World'/Overworld
[11:48:08] [Server thread/INFO]: Saving chunks for level 'New World'/Nether
[11:48:08] [Server thread/INFO]: Saving chunks for level 'New World'/The End
[11:48:14] [Client thread/INFO]: Started on 58099
[11:48:14] [Client thread/INFO]: [CHAT] Local game hosted on port 58099
[11:48:19] [User Authenticator #1/WARN]: Failed to verify username but will let them in anyway!
[11:48:19] [Server thread/INFO]: Player305[/192.168.1.74:58117] logged in with entity id 32188 at (513.5, 4.0, 375.5)
[11:48:19] [Server thread/INFO]: Player305 joined the game
[11:48:19] [Client thread/INFO]: [CHAT] Player305 joined the game
[11:48:24] [Client thread/INFO]: [CHAT] grass
[11:48:25] [Client thread/INFO]: [CHAT] grass
[11:48:38] [Server thread/INFO]: Stopping server
[11:48:38] [Server thread/INFO]: Saving players
[11:48:38] [Server thread/INFO]: Saving worlds
[11:48:38] [Server thread/INFO]: Saving chunks for level 'New World'/Overworld
[11:48:38] [Server thread/INFO]: Saving chunks for level 'New World'/Nether
[11:48:38] [Server thread/INFO]: Saving chunks for level 'New World'/The End
[11:48:40] [Client thread/INFO]: Stopping!
[12:02:39] [main/INFO]: Setting user: Player373
[12:02:42] [Client thread/INFO]: LWJGL Version: 2.9.1
